                  ___                
This is MUSCOD-II (Release 6.0, Revision unknown) |\    /| |    | /   \ 000000        
Copyright (C) 1995--2011, Simulation and Optimization Group |  \/  | |    | `---.       000     
 |      |  \__/  \___/          00   
Interdisciplinary Center for Scientific Computing (IWR)                                  00 
University of Heidelberg, Germany 00               | |              00
 00               | |              00
 + MS-MINTOC extensions for mixed-integer optimal control  00              ___    ___    ___  
 + PRSQP Partially Reduced SQP Version [ ]    00           /   \  /   \  |   \ 
 + Algorithmic Extensions [ CLSQ LSQ ]      000       |      |     | |    |
 + DEBUG enabled         000000  \___/  \___/  |___/ 


>>>>  Dimensions of structured NLP problem:
                   # of discretization points NDIS =         2
                               # of variables NVAR =         4
                    # of equality constraints NEQ  =         4 (4 + 0)
                  # of inequality constraints NIN  =         8 (0 + 4*2)

>>>>  Parameters of MSSQP method:
                final accuracy of NLP solution ACC =  1.00E-06
                 initial integration tolerance     =  1.00E-08
  # of homotopy steps in integration tolerance     =         0
                   final integration tolerance TOL =  1.00E-08
    regularization factor (as multiple of ACC)     =  0.00E+00
    Levenberg Marquardt hessian regularization     =  0.00E+00
                   maximum # of SQP iterations     =       100
(no constraint relaxation)

>>>>  Parameters of Hessian approximation method (BFGS update with Powell modification):
                              initial trust radius = 3.59806E-06
                   initial diagonal scaling factor =   32092.4

>>>>  SQP iterations

 it qpit qpf   kkttol          sobj   |sinf|  |vstep|  |vstpr| |mulstp|       |lgrd|    alpha         merit crit stat
  0                    3.751798E-13 8.66E-07


****
**** SQP iteration 0
****
(no constraint relaxation)
  1    1 A   6.01E-09  4.788404E-20 3.09E-10 6.12E-07 0.00E+00 1.39E-02 8.683361E-07 1.00E+00  2.470796E-12  REL SUCC

****  convergence achieved  ****

>>>>  Operation counts for ODE solver RKF45S:
                   total # of function evaluations =       143
                      total # of integration steps =        12
                         total # of rejected steps =         3

>>>>  Wall time statistics:
                      Sensitivity generation (IND) = 00:00.000 ( 1.43%)
                      Integration of inhomogeneity = 00:00.000 ( 0.00%)
                                 State integration = 00:00.000 ( 0.14%)
                              Constraint reduction = 00:00.000 ( 0.15%)
                                        Condensing = 00:00.001 ( 6.97%)
                         Solution of condensed QPs = 00:00.000 ( 4.63%)
                            Remaining calculations = 00:00.007 (86.69%)
                                             Total = 00:00.008

                                   Online graphics = 00:00.172 (95.47%)
                                       Grand Total = 00:00.180
