                  ___                
This is MUSCOD-II (Release 6.0, Revision unknown) |\    /| |    | /   \ 000000        
Copyright (C) 1995--2011, Simulation and Optimization Group |  \/  | |    | `---.       000     
 |      |  \__/  \___/          00   
Interdisciplinary Center for Scientific Computing (IWR)                                  00 
University of Heidelberg, Germany 00               | |              00
 00               | |              00
 + MS-MINTOC extensions for mixed-integer optimal control  00              ___    ___    ___  
 + PRSQP Partially Reduced SQP Version [ ]    00           /   \  /   \  |   \ 
 + Algorithmic Extensions [ CLSQ LSQ ]      000       |      |     | |    |
 + DEBUG enabled         000000  \___/  \___/  |___/ 


>>>>  Dimensions of structured NLP problem:
                   # of discretization points NDIS =        21
                               # of variables NVAR =        82
                    # of equality constraints NEQ  =        63 (44 + 19)
                  # of inequality constraints NIN  =       164 (0 + 82*2)

>>>>  Parameters of MSSQP method:
                final accuracy of NLP solution ACC =  1.00E-06
                 initial integration tolerance     =  1.00E-08
  # of homotopy steps in integration tolerance     =         0
                   final integration tolerance TOL =  1.00E-08
    regularization factor (as multiple of ACC)     =  0.00E+00
    Levenberg Marquardt hessian regularization     =  0.00E+00
                   maximum # of SQP iterations     =       100
(no constraint relaxation)
RECALC_QP (1 of max 5; number of possible active bounds sd = 2, sa = 0)
(no constraint relaxation)

>>>>  Parameters of Hessian approximation method (BFGS update with Powell modification):
                              initial trust radius =   24.7087
                   initial diagonal scaling factor = 0.0594333

>>>>  SQP iterations

 it qpit qpf   kkttol          sobj   |sinf|  |vstep|  |vstpr| |mulstp|       |lgrd|    alpha         merit crit stat
  0                    2.592000E+00 3.00E+02


****
**** SQP iteration 0
****
(no constraint relaxation)
  1   19 A   7.33E+00  3.689442E+00 6.50E-09 1.24E+01 0.00E+00 1.27E+01 1.271774E+00 1.00E+00  3.689442E+00  REL SUCC


****
**** SQP iteration 1
****
(no constraint relaxation)
  2    1  P  3.08E-02  3.673052E+00 6.02E-09 4.88E-01 0.00E+00 1.06E+01 1.323622E+00 1.00E+00  3.673052E+00  STD SUCC


****
**** SQP iteration 2
****
(no constraint relaxation)
  3    1  P  5.97E-04  3.672714E+00 8.43E-10 6.79E-02 0.00E+00 2.58E-01 2.142516E-02 1.00E+00  3.672714E+00  STD SUCC


****
**** SQP iteration 3
****
(no constraint relaxation)
  4    1  P  1.86E-05  3.672705E+00 8.16E-11 1.49E-02 0.00E+00 2.43E-02 2.613414E-03 1.00E+00  3.672705E+00  STD SUCC


****
**** SQP iteration 4
****
(no constraint relaxation)
  5    1  P  6.16E-09  3.672705E+00 3.17E-12 2.82E-04 0.00E+00 2.01E-04 4.492544E-05 1.00E+00  3.672705E+00  STD SUCC

****  convergence achieved  ****

>>>>  Operation counts for ODE solver RKF45S:
                   total # of function evaluations =      8846
                      total # of integration steps =       537
                         total # of rejected steps =         0

>>>>  Wall time statistics:
                      Sensitivity generation (IND) = 00:00.002 ( 8.82%)
                      Integration of inhomogeneity = 00:00.000 ( 0.00%)
                                 State integration = 00:00.000 ( 1.68%)
                              Constraint reduction = 00:00.000 ( 0.72%)
                                        Condensing = 00:00.009 (48.71%)
                         Solution of condensed QPs = 00:00.002 ( 9.23%)
                            Remaining calculations = 00:00.006 (30.84%)
                                             Total = 00:00.018

                                   Online graphics = 00:00.216 (92.31%)
                                       Grand Total = 00:00.234
