                  ___                
This is MUSCOD-II (Release 6.0, Revision unknown) |\    /| |    | /   \ 000000        
Copyright (C) 1995--2011, Simulation and Optimization Group |  \/  | |    | `---.       000     
 |      |  \__/  \___/          00   
Interdisciplinary Center for Scientific Computing (IWR)                                  00 
University of Heidelberg, Germany 00               | |              00
 00               | |              00
 + MS-MINTOC extensions for mixed-integer optimal control  00              ___    ___    ___  
 + PRSQP Partially Reduced SQP Version [ ]    00           /   \  /   \  |   \ 
 + Algorithmic Extensions [ CLSQ LSQ ]      000       |      |     | |    |
 + DEBUG enabled         000000  \___/  \___/  |___/ 


>>>>  Dimensions of structured NLP problem:
                   # of discretization points NDIS =        21
                               # of variables NVAR =        82
                    # of equality constraints NEQ  =        63 (44 + 19)
                  # of inequality constraints NIN  =       164 (0 + 82*2)

>>>>  Parameters of MSSQP method:
                final accuracy of NLP solution ACC =  1.00E-06
                 initial integration tolerance     =  1.00E-08
  # of homotopy steps in integration tolerance     =         0
                   final integration tolerance TOL =  1.00E-08
    regularization factor (as multiple of ACC)     =  0.00E+00
    Levenberg Marquardt hessian regularization     =  0.00E+00
                   maximum # of SQP iterations     =       100
RECALC_QP (1 of max 5; number of possible active bounds sd = 1, sa = 0)

>>>>  Parameters of Hessian approximation method (BFGS update with Powell modification):
                              initial trust radius =   16.4729
                   initial diagonal scaling factor = 0.0891474

>>>>  SQP iterations

 it qpit qpf   kkttol          sobj   |sinf|  |vstep|  |vstpr| |mulstp|       |lgrd|    alpha         merit crit stat
  0                    2.592000E+00 3.00E+02


****
**** SQP iteration 0
****
  1   52 A R 5.38E+00  1.033893E+00 3.00E+02 9.31E+00 0.00E+00 1.00E+01 1.271774E+00 1.00E+00  1.033893E+00  REL SUCC


****
**** SQP iteration 1
****
  2   42 APR 2.87E-01  8.455310E-01 3.00E+02 1.25E+00 0.00E+00 5.64E+00 8.496087E-01 1.00E+00  8.455312E-01  STD SUCC


****
**** SQP iteration 2
****
  3   41  PR 4.24E-02  8.240436E-01 3.00E+02 5.86E-01 0.00E+00 5.78E-01 1.057632E-01 1.00E+00  8.240437E-01  STD SUCC


****
**** SQP iteration 3
****
  4   52  PR 1.13E-04  8.239783E-01 3.00E+02 2.98E-02 0.00E+00 1.77E-02 6.822606E-03 1.00E+00  8.239783E-01  STD SUCC


****
**** SQP iteration 4
****
  5   54  PR 6.52E-06  8.239747E-01 3.00E+02 8.23E-03 0.00E+00 1.92E-03 1.269999E-03 1.00E+00  8.239747E-01  STD SUCC


****
**** SQP iteration 5
****
  6   47  PR 2.24E-07  8.239746E-01 3.00E+02 1.68E-03 0.00E+00 2.83E-04 2.117145E-04 1.00E+00  8.239746E-01  STD SUCC

****  convergence achieved  ****

>>>>  Operation counts for ODE solver RKF45S:
                   total # of function evaluations =      8890
                      total # of integration steps =       535
                         total # of rejected steps =         0

>>>>  Wall time statistics:
                      Sensitivity generation (IND) = 00:00.001 ( 7.92%)
                      Integration of inhomogeneity = 00:00.000 ( 0.00%)
                                 State integration = 00:00.000 ( 2.56%)
                              Constraint reduction = 00:00.000 ( 0.69%)
                                        Condensing = 00:00.006 (51.17%)
                         Solution of condensed QPs = 00:00.002 (18.09%)
                            Remaining calculations = 00:00.002 (19.57%)
                                             Total = 00:00.013

                                   Online graphics = 00:00.016 (56.00%)
                                       Grand Total = 00:00.029
